<?xml version="1.0" encoding="UTF-8"?>
<testsuite xmlns:xsi="http://www.w3.org/2001/XMLSchema-instance" xsi:noNamespaceSchemaLocation="https://maven.apache.org/surefire/maven-surefire-plugin/xsd/surefire-test-report.xsd" name="TestSuite" time="10.913" tests="1" errors="0" skipped="0" failures="1">
  <properties>
[...]
</properties>
  <testcase name="testRegUserPage" classname="com.selenium_framework.RegUserTest" time="5.781">
    <failure message="expected [ParaBank| Register for Free Online Account Access] but found [ParaBank | Register for Free Online Account Access]" type="java.lang.AssertionError">java.lang.AssertionError: expected [ParaBank| Register for Free Online Account Access] but found [ParaBank | Register for Free Online Account Access]
	at com.selenium_framework.RegUserTest.testRegUserPage(RegUserTest.java:43)
</failure>
    <system-out><![CDATA[2024-07-19 12:13:10 INFO  TestListener:31 - ------------------------------------Test Run Initiated------------------------------------
Setting up the driver...
2024-07-19 12:13:10 INFO  DriverFactory:14 - ChromeDriver Path: D:\Testing\SeleniumFramework\msedgedriver.exe
2024-07-19 12:13:13 INFO  DriverFactory:17 - ChromeDriver initialized successfully.
2024-07-19 12:13:13 INFO  RegUserTest:26 - Driver setup completed.
2024-07-19 12:13:13 INFO  TestListener:11 - Test StartedtestRegUserPage
2024-07-19 12:13:13 INFO  RegUserTest:39 - Navigating to URL: https://parabank.parasoft.com/parabank/register.htm
2024-07-19 12:13:18 ERROR RegUserTest:46 - Title did not match.
java.lang.AssertionError: expected [ParaBank| Register for Free Online Account Access] but found [ParaBank | Register for Free Online Account Access]
	at org.testng.Assert.fail(Assert.java:99) ~[testng-7.4.0.jar:7.4.0]
	at org.testng.Assert.failNotEquals(Assert.java:1037) ~[testng-7.4.0.jar:7.4.0]
	at org.testng.Assert.assertEqualsImpl(Assert.java:140) ~[testng-7.4.0.jar:7.4.0]
	at org.testng.Assert.assertEquals(Assert.java:122) ~[testng-7.4.0.jar:7.4.0]
	at org.testng.Assert.assertEquals(Assert.java:629) ~[testng-7.4.0.jar:7.4.0]
	at org.testng.Assert.assertEquals(Assert.java:639) ~[testng-7.4.0.jar:7.4.0]
	at com.selenium_framework.RegUserTest.testRegUserPage(RegUserTest.java:43) ~[test-classes/:?]
	at jdk.internal.reflect.DirectMethodHandleAccessor.invoke(DirectMethodHandleAccessor.java:103) ~[?:?]
	at java.lang.reflect.Method.invoke(Method.java:580) ~[?:?]
	at org.testng.internal.MethodInvocationHelper.invokeMethod(MethodInvocationHelper.java:133) ~[testng-7.4.0.jar:7.4.0]
	at org.testng.internal.TestInvoker.invokeMethod(TestInvoker.java:598) ~[testng-7.4.0.jar:7.4.0]
	at org.testng.internal.TestInvoker.invokeTestMethod(TestInvoker.java:173) ~[testng-7.4.0.jar:7.4.0]
	at org.testng.internal.MethodRunner.runInSequence(MethodRunner.java:46) ~[testng-7.4.0.jar:7.4.0]
	at org.testng.internal.TestInvoker$MethodInvocationAgent.invoke(TestInvoker.java:824) ~[testng-7.4.0.jar:7.4.0]
	at org.testng.internal.TestInvoker.invokeTestMethods(TestInvoker.java:146) ~[testng-7.4.0.jar:7.4.0]
	at org.testng.internal.TestMethodWorker.invokeTestMethods(TestMethodWorker.java:146) ~[testng-7.4.0.jar:7.4.0]
	at org.testng.internal.TestMethodWorker.run(TestMethodWorker.java:128) ~[testng-7.4.0.jar:7.4.0]
	at java.util.ArrayList.forEach(ArrayList.java:1597) [?:?]
	at org.testng.TestRunner.privateRun(TestRunner.java:794) [testng-7.4.0.jar:7.4.0]
	at org.testng.TestRunner.run(TestRunner.java:596) [testng-7.4.0.jar:7.4.0]
	at org.testng.SuiteRunner.runTest(SuiteRunner.java:377) [testng-7.4.0.jar:7.4.0]
	at org.testng.SuiteRunner.runSequentially(SuiteRunner.java:371) [testng-7.4.0.jar:7.4.0]
	at org.testng.SuiteRunner.privateRun(SuiteRunner.java:332) [testng-7.4.0.jar:7.4.0]
	at org.testng.SuiteRunner.run(SuiteRunner.java:276) [testng-7.4.0.jar:7.4.0]
	at org.testng.SuiteRunnerWorker.runSuite(SuiteRunnerWorker.java:53) [testng-7.4.0.jar:7.4.0]
	at org.testng.SuiteRunnerWorker.run(SuiteRunnerWorker.java:96) [testng-7.4.0.jar:7.4.0]
	at org.testng.TestNG.runSuitesSequentially(TestNG.java:1212) [testng-7.4.0.jar:7.4.0]
	at org.testng.TestNG.runSuitesLocally(TestNG.java:1134) [testng-7.4.0.jar:7.4.0]
	at org.testng.TestNG.runSuites(TestNG.java:1063) [testng-7.4.0.jar:7.4.0]
	at org.testng.TestNG.run(TestNG.java:1031) [testng-7.4.0.jar:7.4.0]
	at org.apache.maven.surefire.testng.TestNGExecutor.run(TestNGExecutor.java:283) [surefire-testng-2.22.2.jar:2.22.2]
	at org.apache.maven.surefire.testng.TestNGXmlTestSuite.execute(TestNGXmlTestSuite.java:75) [surefire-testng-2.22.2.jar:2.22.2]
	at org.apache.maven.surefire.testng.TestNGProvider.invoke(TestNGProvider.java:120) [surefire-testng-2.22.2.jar:2.22.2]
	at org.apache.maven.surefire.booter.ForkedBooter.invokeProviderInSameClassLoader(ForkedBooter.java:384) [surefire-booter-2.22.2.jar:2.22.2]
	at org.apache.maven.surefire.booter.ForkedBooter.runSuitesInProcess(ForkedBooter.java:345) [surefire-booter-2.22.2.jar:2.22.2]
	at org.apache.maven.surefire.booter.ForkedBooter.execute(ForkedBooter.java:126) [surefire-booter-2.22.2.jar:2.22.2]
	at org.apache.maven.surefire.booter.ForkedBooter.main(ForkedBooter.java:418) [surefire-booter-2.22.2.jar:2.22.2]
2024-07-19 12:13:18 INFO  TestListener:21 - Test failed: testRegUserPage
]]></system-out>
  </testcase>
</testsuite>