<?xml version="1.0" encoding="UTF-8"?>
<testng-results ignored="0" total="1" passed="1" failed="0" skipped="0">
  <reporter-output>
  </reporter-output>
  <suite started-at="2024-07-19T20:42:59 IST" name="Suite" finished-at="2024-07-19T20:43:20 IST" duration-ms="20409">
    <groups>
    </groups>
    <test started-at="2024-07-19T20:42:59 IST" name="Test" finished-at="2024-07-19T20:43:20 IST" duration-ms="20409">
      <class name="com.selenium_framework.RegUserTest">
        <test-method is-config="true" signature="setUp()[pri:0, instance:com.selenium_framework.RegUserTest@7d1cfb8b]" started-at="2024-07-19T20:43:00 IST" name="setUp" finished-at="2024-07-19T20:43:06 IST" duration-ms="6274" status="PASS">
          <reporter-output>
          </reporter-output>
        </test-method> <!-- setUp -->
        <test-method signature="testRegUserPage()[pri:0, instance:com.selenium_framework.RegUserTest@7d1cfb8b]" started-at="2024-07-19T20:43:06 IST" name="testRegUserPage" finished-at="2024-07-19T20:43:20 IST" duration-ms="14003" status="PASS">
          <reporter-output>
          </reporter-output>
        </test-method> <!-- testRegUserPage -->
      </class> <!-- com.selenium_framework.RegUserTest -->
    </test> <!-- Test -->
  </suite> <!-- Suite -->
</testng-results>
