<?xml version="1.0" encoding="UTF-8"?>
<testng-results ignored="0" total="1" passed="1" failed="0" skipped="0">
  <reporter-output>
    <line>
      <![CDATA[Match found]]>
    </line>
  </reporter-output>
  <suite started-at="2024-07-19T01:05:44 IST" name="Suite" finished-at="2024-07-19T01:05:57 IST" duration-ms="13143">
    <groups>
    </groups>
    <test started-at="2024-07-19T01:05:44 IST" name="Test" finished-at="2024-07-19T01:05:57 IST" duration-ms="13143">
      <class name="com.selenium_framework.RegUserTest">
        <test-method is-config="true" signature="setUp()[pri:0, instance:com.selenium_framework.RegUserTest@290d210d]" started-at="2024-07-19T01:05:44 IST" name="setUp" finished-at="2024-07-19T01:05:49 IST" duration-ms="4818" status="PASS">
          <reporter-output>
          </reporter-output>
        </test-method> <!-- setUp -->
        <test-method signature="testRegUserPage()[pri:0, instance:com.selenium_framework.RegUserTest@290d210d]" started-at="2024-07-19T01:05:49 IST" name="testRegUserPage" finished-at="2024-07-19T01:05:56 IST" duration-ms="6851" status="PASS">
          <reporter-output>
            <line>
              <![CDATA[Match found]]>
            </line>
          </reporter-output>
        </test-method> <!-- testRegUserPage -->
        <test-method is-config="true" signature="tearDown()[pri:0, instance:com.selenium_framework.RegUserTest@290d210d]" started-at="2024-07-19T01:05:56 IST" name="tearDown" finished-at="2024-07-19T01:05:57 IST" duration-ms="1421" status="PASS">
          <reporter-output>
          </reporter-output>
        </test-method> <!-- tearDown -->
      </class> <!-- com.selenium_framework.RegUserTest -->
    </test> <!-- Test -->
  </suite> <!-- Suite -->
</testng-results>
